<?xml version="1.0" encoding="UTF-8"?>
<testsuite xmlns:xsi="http://www.w3.org/2001/XMLSchema-instance" xsi:noNamespaceSchemaLocation="https://maven.apache.org/surefire/maven-surefire-plugin/xsd/surefire-test-report.xsd" version="3.0.2" name="com.widifirmaan.porto.PortoApplicationTests" time="25.997" tests="1" errors="0" skipped="0" failures="0">
  <properties>
[...]
</properties>
  <testcase name="contextLoads" classname="com.widifirmaan.porto.PortoApplicationTests" time="4.26">
    <system-out><![CDATA[23:31:44.296 [main] INFO org.springframework.test.context.support.AnnotationConfigContextLoaderUtils -- Could not detect default configuration classes for test class [com.widifirmaan.porto.PortoApplicationTests]: PortoApplicationTests does not declare any static, non-private, non-final, nested classes annotated with @Configuration.
23:31:45.715 [main] INFO org.springframework.boot.test.context.SpringBootTestContextBootstrapper -- Found @SpringBootConfiguration com.widifirmaan.porto.PortoApplication for test class com.widifirmaan.porto.PortoApplicationTests

  .   ____          _            __ _ _
 /\\ / ___'_ __ _ _(_)_ __  __ _ \ \ \ \
( ( )\___ | '_ | '_| | '_ \/ _` | \ \ \ \
 \\/  ___)| |_)| | | | | || (_| |  ) ) ) )
  '  |____| .__|_| |_|_| |_\__, | / / / /
 =========|_|==============|___/=/_/_/_/

 :: Spring Boot ::                (v4.0.0)

2026-01-05T23:31:50.460+07:00  INFO 193058 --- [porto] [           main] c.w.porto.PortoApplicationTests          : Starting PortoApplicationTests using Java 17.0.17 with PID 193058 (started by root in /root/porto)
2026-01-05T23:31:50.495+07:00  INFO 193058 --- [porto] [           main] c.w.porto.PortoApplicationTests          : No active profile set, falling back to 1 default profile: "default"
2026-01-05T23:32:00.059+07:00  INFO 193058 --- [porto] [           main] o.s.b.w.a.WelcomePageHandlerMapping      : Adding welcome page: class path resource [static/index.html]
2026-01-05T23:32:01.803+07:00  WARN 193058 --- [porto] [           main] ion$DefaultTemplateResolverConfiguration : Cannot find template location: classpath:/templates/ (please add some templates, check your Thymeleaf configuration, or set spring.thymeleaf.check-template-location=false)
2026-01-05T23:32:03.368+07:00  INFO 193058 --- [porto] [           main] c.w.porto.PortoApplicationTests          : Started PortoApplicationTests in 15.707 seconds (process running for 34.372)
]]></system-out>
  </testcase>
</testsuite>